# JRE version: OpenJDK Runtime Environment (21.0.8) (build 21.0.8+-14018985-b1038.68)
# Java VM: OpenJDK 64-Bit Server VM (21.0.8+-14018985-b1038.68, mixed mode, tiered, compressed oops, compressed class ptrs, g1 gc, windows-amd64)
GC Precious Log:
 CardTable entry size: 512
 Card Set container configuration: InlinePtr #cards 5 size 8 Array Of Cards #cards 12 size 40 Howl #buckets 4 coarsen threshold 1843 Howl Bitmap #cards 512 size 80 coarsen threshold 460 Card regions per heap region 1 cards per card region 2048
 CPUs: 16 total, 16 available
 Memory: 32472M
 Large Page Support: Disabled
 NUMA Support: Disabled
 Compressed Oops: Enabled (32-bit)
 Heap Region Size: 1M
 Heap Min Capacity: 8M
 Heap Initial Capacity: 508M
 Heap Max Capacity: 2G
 Pre-touch: Disabled
 Parallel Workers: 13
 Concurrent Workers: 3
 Concurrent Refinement Workers: 13
 Periodic GC: Disabled
Heap:
 garbage-first heap   total 419840K, used 153057K [0x0000000080000000, 0x0000000100000000)
  region size 1024K, 21 young (21504K), 12 survivors (12288K)
 Metaspace       used 151105K, committed 154432K, reserved 1245184K
  class space    used 20315K, committed 22208K, reserved 1048576K
GC Heap History (20 events):
Event: 1993.454 GC heap before
{Heap before GC invocations=45 (full 0):
 garbage-first heap   total 322560K, used 322027K [0x0000000080000000, 0x0000000100000000)
  region size 1024K, 137 young (140288K), 11 survivors (11264K)
 Metaspace       used 149220K, committed 151616K, reserved 1179648K
  class space    used 20898K, committed 22080K, reserved 1048576K
}
Event: 1993.461 GC heap after
{Heap after GC invocations=46 (full 0):
 garbage-first heap   total 343040K, used 147615K [0x0000000080000000, 0x0000000100000000)
  region size 1024K, 16 young (16384K), 16 survivors (16384K)
 Metaspace       used 149220K, committed 151616K, reserved 1179648K
  class space    used 20898K, committed 22080K, reserved 1048576K
}
Event: 1994.480 GC heap before
{Heap before GC invocations=46 (full 0):
 garbage-first heap   total 343040K, used 312479K [0x0000000080000000, 0x0000000100000000)
  region size 1024K, 172 young (176128K), 16 survivors (16384K)
 Metaspace       used 150287K, committed 152704K, reserved 1179648K
  class space    used 20956K, committed 22144K, reserved 1048576K
}
Event: 1994.489 GC heap after
{Heap after GC invocations=47 (full 0):
 garbage-first heap   total 343040K, used 152744K [0x0000000080000000, 0x0000000100000000)
  region size 1024K, 18 young (18432K), 18 survivors (18432K)
 Metaspace       used 150287K, committed 152704K, reserved 1179648K
  class space    used 20956K, committed 22144K, reserved 1048576K
}
Event: 1994.890 GC heap before
{Heap before GC invocations=47 (full 0):
 garbage-first heap   total 343040K, used 304296K [0x0000000080000000, 0x0000000100000000)
  region size 1024K, 167 young (171008K), 18 survivors (18432K)
 Metaspace       used 151840K, committed 154304K, reserved 1245184K
  class space    used 21008K, committed 22208K, reserved 1048576K
}
Event: 1994.893 GC heap after
{Heap after GC invocations=48 (full 0):
 garbage-first heap   total 343040K, used 146573K [0x0000000080000000, 0x0000000100000000)
  region size 1024K, 5 young (5120K), 5 survivors (5120K)
 Metaspace       used 151840K, committed 154304K, reserved 1245184K
  class space    used 21008K, committed 22208K, reserved 1048576K
}
Event: 2931.808 GC heap before
{Heap before GC invocations=49 (full 0):
 garbage-first heap   total 343040K, used 341133K [0x0000000080000000, 0x0000000100000000)
  region size 1024K, 143 young (146432K), 5 survivors (5120K)
 Metaspace       used 149501K, committed 154368K, reserved 1245184K
  class space    used 20341K, committed 22208K, reserved 1048576K
}
Event: 2931.814 GC heap after
{Heap after GC invocations=50 (full 0):
 garbage-first heap   total 357376K, used 155736K [0x0000000080000000, 0x0000000100000000)
  region size 1024K, 14 young (14336K), 14 survivors (14336K)
 Metaspace       used 149501K, committed 154368K, reserved 1245184K
  class space    used 20341K, committed 22208K, reserved 1048576K
}
Event: 2932.426 GC heap before
{Heap before GC invocations=50 (full 0):
 garbage-first heap   total 357376K, used 328792K [0x0000000080000000, 0x0000000100000000)
  region size 1024K, 178 young (182272K), 14 survivors (14336K)
 Metaspace       used 150131K, committed 154432K, reserved 1245184K
  class space    used 20364K, committed 22208K, reserved 1048576K
}
Event: 2932.434 GC heap after
{Heap after GC invocations=51 (full 0):
 garbage-first heap   total 359424K, used 151327K [0x0000000080000000, 0x0000000100000000)
  region size 1024K, 15 young (15360K), 15 survivors (15360K)
 Metaspace       used 150131K, committed 154432K, reserved 1245184K
  class space    used 20364K, committed 22208K, reserved 1048576K
}
Event: 2932.646 GC heap before
{Heap before GC invocations=51 (full 0):
 garbage-first heap   total 359424K, used 201503K [0x0000000080000000, 0x0000000100000000)
  region size 1024K, 66 young (67584K), 15 survivors (15360K)
 Metaspace       used 150412K, committed 154496K, reserved 1245184K
  class space    used 20369K, committed 22208K, reserved 1048576K
}
Event: 2932.650 GC heap after
{Heap after GC invocations=52 (full 0):
 garbage-first heap   total 359424K, used 149300K [0x0000000080000000, 0x0000000100000000)
  region size 1024K, 4 young (4096K), 4 survivors (4096K)
 Metaspace       used 150412K, committed 154496K, reserved 1245184K
  class space    used 20369K, committed 22208K, reserved 1048576K
}
Event: 3035.810 GC heap before
{Heap before GC invocations=53 (full 0):
 garbage-first heap   total 359424K, used 358196K [0x0000000080000000, 0x0000000100000000)
  region size 1024K, 150 young (153600K), 4 survivors (4096K)
 Metaspace       used 150613K, committed 154304K, reserved 1245184K
  class space    used 20331K, committed 22208K, reserved 1048576K
}
Event: 3035.819 GC heap after
{Heap after GC invocations=54 (full 0):
 garbage-first heap   total 382976K, used 171937K [0x0000000080000000, 0x0000000100000000)
  region size 1024K, 23 young (23552K), 23 survivors (23552K)
 Metaspace       used 150613K, committed 154304K, reserved 1245184K
  class space    used 20331K, committed 22208K, reserved 1048576K
}
Event: 3101.540 GC heap before
{Heap before GC invocations=54 (full 0):
 garbage-first heap   total 382976K, used 380833K [0x0000000080000000, 0x0000000100000000)
  region size 1024K, 175 young (179200K), 23 survivors (23552K)
 Metaspace       used 150976K, committed 154368K, reserved 1245184K
  class space    used 20336K, committed 22208K, reserved 1048576K
}
Event: 3101.547 GC heap after
{Heap after GC invocations=55 (full 0):
 garbage-first heap   total 407552K, used 150986K [0x0000000080000000, 0x0000000100000000)
  region size 1024K, 11 young (11264K), 11 survivors (11264K)
 Metaspace       used 150976K, committed 154368K, reserved 1245184K
  class space    used 20336K, committed 22208K, reserved 1048576K
}
Event: 3101.642 GC heap before
{Heap before GC invocations=55 (full 0):
 garbage-first heap   total 407552K, used 172490K [0x0000000080000000, 0x0000000100000000)
  region size 1024K, 33 young (33792K), 11 survivors (11264K)
 Metaspace       used 151007K, committed 154368K, reserved 1245184K
  class space    used 20336K, committed 22208K, reserved 1048576K
}
Event: 3101.645 GC heap after
{Heap after GC invocations=56 (full 0):
 garbage-first heap   total 407552K, used 153057K [0x0000000080000000, 0x0000000100000000)
  region size 1024K, 13 young (13312K), 13 survivors (13312K)
 Metaspace       used 151007K, committed 154368K, reserved 1245184K
  class space    used 20336K, committed 22208K, reserved 1048576K
}
Event: 3271.831 GC heap before
{Heap before GC invocations=57 (full 0):
 garbage-first heap   total 407552K, used 405985K [0x0000000080000000, 0x0000000100000000)
  region size 1024K, 213 young (218112K), 13 survivors (13312K)
 Metaspace       used 151093K, committed 154432K, reserved 1245184K
  class space    used 20315K, committed 22208K, reserved 1048576K
}
Event: 3271.836 GC heap after
{Heap after GC invocations=58 (full 0):
 garbage-first heap   total 419840K, used 142817K [0x0000000080000000, 0x0000000100000000)
  region size 1024K, 12 young (12288K), 12 survivors (12288K)
 Metaspace       used 151093K, committed 154432K, reserved 1245184K
  class space    used 20315K, committed 22208K, reserved 1048576K
}

